{"name": "test_standard_login", "status": "broken", "statusDetails": {"message": "selenium.common.exceptions.NoSuchDriverException: Message: Unable to obtain driver for chrome; For documentation on this error, please visit: https://www.selenium.dev/documentation/webdriver/troubleshooting/errors/driver_location", "trace": "self = <selenium.webdriver.common.driver_finder.DriverFinder object at 0x00000250D11F2230>\n\n    def _binary_paths(self) -> dict:\n        if self._paths[\"driver_path\"]:\n            return self._paths\n    \n        browser = self._options.capabilities[\"browserName\"]\n        try:\n            path = self._service.path\n            if path:\n                logger.debug(\n                    \"Skipping Selenium Manager; path to %s driver specified in Service class: %s\", browser, path\n                )\n                if not Path(path).is_file():\n                    raise ValueError(f\"The path is not a valid file: {path}\")\n                self._paths[\"driver_path\"] = path\n            else:\n>               output = SeleniumManager().binary_paths(self._to_args())\n\nD:\\anaconda3\\envs\\metagpt\\lib\\site-packages\\selenium\\webdriver\\common\\driver_finder.py:68: \n_ _ _ _ _ _ _ _ _ _ _ _ _ _ _ _ _ _ _ _ _ _ _ _ _ _ _ _ _ _ _ _ _ _ _ _ _ _ _ _ _ _ _ _ _ _ _ _ _ _ _ _ _ _ _ _ _ _ _ _ _ _ _ _ _ _ _ _ _ _ _ _ _ _ _ _ _ _ _ _ _ _ _ _ _ _ _ _ _ _ _ _ _ _ _ _ _ _ _ _ _ _ _ _ _ _ _ _ _ _\nD:\\anaconda3\\envs\\metagpt\\lib\\site-packages\\selenium\\webdriver\\common\\selenium_manager.py:56: in binary_paths\n    return self._run(args)\n_ _ _ _ _ _ _ _ _ _ _ _ _ _ _ _ _ _ _ _ _ _ _ _ _ _ _ _ _ _ _ _ _ _ _ _ _ _ _ _ _ _ _ _ _ _ _ _ _ _ _ _ _ _ _ _ _ _ _ _ _ _ _ _ _ _ _ _ _ _ _ _ _ _ _ _ _ _ _ _ _ _ _ _ _ _ _ _ _ _ _ _ _ _ _ _ _ _ _ _ _ _ _ _ _ _ _ _ _ _\n\nargs = ['D:\\\\anaconda3\\\\envs\\\\metagpt\\\\lib\\\\site-packages\\\\selenium\\\\webdriver\\\\common\\\\windows\\\\selenium-manager.exe', '--browser', 'chrome', '--language-binding', 'python', '--output', ...]\n\n    @staticmethod\n    def _run(args: list[str]) -> dict:\n        \"\"\"Executes the Selenium Manager Binary.\n    \n        Args:\n            args: the components of the command being executed.\n    \n        Returns:\n            The log string containing the driver location.\n        \"\"\"\n        command = \" \".join(args)\n        logger.debug(\"Executing process: %s\", command)\n        try:\n            if sys.platform == \"win32\":\n                completed_proc = subprocess.run(args, capture_output=True, creationflags=subprocess.CREATE_NO_WINDOW)\n            else:\n                completed_proc = subprocess.run(args, capture_output=True)\n            stdout = completed_proc.stdout.decode(\"utf-8\").rstrip(\"\\n\")\n            stderr = completed_proc.stderr.decode(\"utf-8\").rstrip(\"\\n\")\n            output = json.loads(stdout) if stdout != \"\" else {\"logs\": [], \"result\": {}}\n        except Exception as err:\n            raise WebDriverException(f\"Unsuccessful command executed: {command}\") from err\n    \n        SeleniumManager._process_logs(output[\"logs\"])\n        result = output[\"result\"]\n        if completed_proc.returncode:\n>           raise WebDriverException(\n                f\"Unsuccessful command executed: {command}; code: {completed_proc.returncode}\\n{result}\\n{stderr}\"\n            )\nE           selenium.common.exceptions.WebDriverException: Message: Unsuccessful command executed: D:\\anaconda3\\envs\\metagpt\\lib\\site-packages\\selenium\\webdriver\\common\\windows\\selenium-manager.exe --browser chrome --language-binding python --output json; code: 65\nE           {'code': 65, 'message': 'error sending request for url (https://googlechromelabs.github.io/chrome-for-testing/known-good-versions-with-downloads.json)', 'driver_path': '', 'browser_path': ''}\n\nD:\\anaconda3\\envs\\metagpt\\lib\\site-packages\\selenium\\webdriver\\common\\selenium_manager.py:134: WebDriverException\n\nThe above exception was the direct cause of the following exception:\n\nself = <test_login.TestLoginProject object at 0x00000250D11F1BD0>\n\n    def setup_method(self):\n        # 启动浏览器\n>       self.driver = webdriver.Chrome()\n\ntest_login.py:12: \n_ _ _ _ _ _ _ _ _ _ _ _ _ _ _ _ _ _ _ _ _ _ _ _ _ _ _ _ _ _ _ _ _ _ _ _ _ _ _ _ _ _ _ _ _ _ _ _ _ _ _ _ _ _ _ _ _ _ _ _ _ _ _ _ _ _ _ _ _ _ _ _ _ _ _ _ _ _ _ _ _ _ _ _ _ _ _ _ _ _ _ _ _ _ _ _ _ _ _ _ _ _ _ _ _ _ _ _ _ _\nD:\\anaconda3\\envs\\metagpt\\lib\\site-packages\\selenium\\webdriver\\chrome\\webdriver.py:47: in __init__\n    super().__init__(\nD:\\anaconda3\\envs\\metagpt\\lib\\site-packages\\selenium\\webdriver\\chromium\\webdriver.py:55: in __init__\n    if finder.get_browser_path():\nD:\\anaconda3\\envs\\metagpt\\lib\\site-packages\\selenium\\webdriver\\common\\driver_finder.py:48: in get_browser_path\n    return self._binary_paths()[\"browser_path\"]\n_ _ _ _ _ _ _ _ _ _ _ _ _ _ _ _ _ _ _ _ _ _ _ _ _ _ _ _ _ _ _ _ _ _ _ _ _ _ _ _ _ _ _ _ _ _ _ _ _ _ _ _ _ _ _ _ _ _ _ _ _ _ _ _ _ _ _ _ _ _ _ _ _ _ _ _ _ _ _ _ _ _ _ _ _ _ _ _ _ _ _ _ _ _ _ _ _ _ _ _ _ _ _ _ _ _ _ _ _ _\n\nself = <selenium.webdriver.common.driver_finder.DriverFinder object at 0x00000250D11F2230>\n\n    def _binary_paths(self) -> dict:\n        if self._paths[\"driver_path\"]:\n            return self._paths\n    \n        browser = self._options.capabilities[\"browserName\"]\n        try:\n            path = self._service.path\n            if path:\n                logger.debug(\n                    \"Skipping Selenium Manager; path to %s driver specified in Service class: %s\", browser, path\n                )\n                if not Path(path).is_file():\n                    raise ValueError(f\"The path is not a valid file: {path}\")\n                self._paths[\"driver_path\"] = path\n            else:\n                output = SeleniumManager().binary_paths(self._to_args())\n                if Path(output[\"driver_path\"]).is_file():\n                    self._paths[\"driver_path\"] = output[\"driver_path\"]\n                else:\n                    raise ValueError(f\"The driver path is not a valid file: {output['driver_path']}\")\n                if Path(output[\"browser_path\"]).is_file():\n                    self._paths[\"browser_path\"] = output[\"browser_path\"]\n                else:\n                    raise ValueError(f\"The browser path is not a valid file: {output['browser_path']}\")\n        except Exception as err:\n            msg = f\"Unable to obtain driver for {browser}\"\n>           raise NoSuchDriverException(msg) from err\nE           selenium.common.exceptions.NoSuchDriverException: Message: Unable to obtain driver for chrome; For documentation on this error, please visit: https://www.selenium.dev/documentation/webdriver/troubleshooting/errors/driver_location\n\nD:\\anaconda3\\envs\\metagpt\\lib\\site-packages\\selenium\\webdriver\\common\\driver_finder.py:79: NoSuchDriverException"}, "start": 1763657599485, "stop": 1763657599485, "uuid": "f7eac37f-7e4e-43ed-b8eb-fb2f4872068d", "historyId": "6d586ecebba13a0dddb56826159ce5df", "testCaseId": "6d586ecebba13a0dddb56826159ce5df", "fullName": "test_login.TestLoginProject#test_standard_login", "labels": [{"name": "story", "value": "用例1: 正常登录"}, {"name": "feature", "value": "用户登录模块"}, {"name": "suite", "value": "test_login"}, {"name": "subSuite", "value": "TestLoginProject"}, {"name": "host", "value": "DESKTOP-8K7BQFB"}, {"name": "thread", "value": "38092-MainThread"}, {"name": "framework", "value": "pytest"}, {"name": "language", "value": "cpython3"}, {"name": "package", "value": "test_login"}], "titlePath": ["test_login.py", "TestLoginProject"]}